c:\dev\mengersponge\build\debug - x64\vc142.pdb
c:\dev\mengersponge\build\debug - x64\vc142.idb
c:\dev\mengersponge\build\debug - x64\window.obj
c:\dev\mengersponge\build\debug - x64\main.obj
c:\dev\mengersponge\build\debug - x64\eventmanager.obj
c:\dev\mengersponge\build\debug - x64\input.obj
c:\dev\mengersponge\build\debug - x64\mengersponge.obj
c:\dev\mengersponge\build\debug - x64\fixedfunctionscene.obj
c:\dev\mengersponge\build\debug - x64\overlay.obj
c:\dev\mengersponge\build\debug - x64\scene.obj
c:\dev\mengersponge\build\debug - x64\modernscene.obj
c:\dev\mengersponge\build\debug - x64\mesh.obj
c:\dev\mengersponge\build\debug - x64\gpuanimatedgeometry.obj
c:\dev\mengersponge\build\debug - x64\instancedgeometry.obj
c:\dev\mengersponge\build\debug - x64\cpuanimatedgeometry.obj
c:\dev\mengersponge\build\debug - x64\instancedgeometryglsl.obj
c:\dev\mengersponge\build\debug - x64\instancedmesh.obj
c:\dev\mengersponge\build\debug - x64\camera.obj
c:\dev\mengersponge\build\debug - x64\application.obj
c:\dev\mengersponge\build\debug - x64\glad.obj
c:\dev\mengersponge\build\debug - x64\a1.exe
c:\dev\mengersponge\build\debug - x64\a1.ilk
c:\dev\mengersponge\build\debug - x64\a1.pdb
c:\dev\mengersponge\\build\debug - x64\a1.pdb
c:\dev\mengersponge\\build\debug - x64\a1.ilk
c:\dev\mengersponge\build\debug - x64\menger_sponge.tlog\cl.command.1.tlog
c:\dev\mengersponge\build\debug - x64\menger_sponge.tlog\cl.read.1.tlog
c:\dev\mengersponge\build\debug - x64\menger_sponge.tlog\cl.write.1.tlog
c:\dev\mengersponge\build\debug - x64\menger_sponge.tlog\link.command.1.tlog
c:\dev\mengersponge\build\debug - x64\menger_sponge.tlog\link.read.1.tlog
c:\dev\mengersponge\build\debug - x64\menger_sponge.tlog\link.write.1.tlog
