  Application.cpp
C:\Dev\MengerSponge\src\Application\Application.cpp(126,36): warning C4305: 'argument': truncation from 'double' to 'GLfloat'
  Camera.cpp
  InstancedMesh.cpp
C:\Dev\MengerSponge\src\Core\Components\InstancedMesh.cpp(29,99): warning C4267: 'argument': conversion from 'size_t' to 'GLsizei', possible loss of data
C:\Dev\MengerSponge\src\Core\Components\InstancedMesh.cpp(71,28): warning C4267: 'return': conversion from 'size_t' to 'int', possible loss of data
  InstancedGeometryGLSL.cpp
C:\Dev\MengerSponge\src\Utils\Math.h(20,21): warning C4244: 'return': conversion from 'double' to 'float', possible loss of data
C:\Dev\MengerSponge\src\Utils\GeometryUtilities.h(28,19): warning C4244: '=': conversion from 'double' to 'T', possible loss of data
          with
          [
              T=float
          ]
C:\Dev\MengerSponge\src\Utils\GeometryUtilities.h(29,19): warning C4244: '=': conversion from 'double' to 'T', possible loss of data
          with
          [
              T=float
          ]
C:\Dev\MengerSponge\src\Utils\GeometryUtilities.h(30,11): warning C4244: '=': conversion from 'double' to 'T', possible loss of data
          with
          [
              T=float
          ]
C:\Dev\MengerSponge\src\Scenes\InstancedGeometryGLSL.cpp(19,39): warning C4244: 'argument': conversion from 'uint32_t' to 'float', possible loss of data
C:\Dev\MengerSponge\src\Scenes\InstancedGeometryGLSL.cpp(50,40): warning C4244: 'argument': conversion from 'uint32_t' to 'float', possible loss of data
  CPUAnimatedGeometry.cpp
C:\Dev\MengerSponge\src\Utils\Math.h(20,21): warning C4244: 'return': conversion from 'double' to 'float', possible loss of data
C:\Dev\MengerSponge\src\Utils\GeometryUtilities.h(28,19): warning C4244: '=': conversion from 'double' to 'T', possible loss of data
          with
          [
              T=float
          ]
C:\Dev\MengerSponge\src\Utils\GeometryUtilities.h(29,19): warning C4244: '=': conversion from 'double' to 'T', possible loss of data
          with
          [
              T=float
          ]
C:\Dev\MengerSponge\src\Utils\GeometryUtilities.h(30,11): warning C4244: '=': conversion from 'double' to 'T', possible loss of data
          with
          [
              T=float
          ]
C:\Dev\MengerSponge\src\Scenes\CPUAnimatedGeometry.cpp(19,39): warning C4244: 'argument': conversion from 'uint32_t' to 'float', possible loss of data
C:\Dev\MengerSponge\src\Scenes\CPUAnimatedGeometry.cpp(66,40): warning C4244: 'argument': conversion from 'uint32_t' to 'float', possible loss of data
  InstancedGeometry.cpp
C:\Dev\MengerSponge\src\Utils\Math.h(20,21): warning C4244: 'return': conversion from 'double' to 'float', possible loss of data
C:\Dev\MengerSponge\src\Utils\GeometryUtilities.h(28,19): warning C4244: '=': conversion from 'double' to 'T', possible loss of data
          with
          [
              T=float
          ]
C:\Dev\MengerSponge\src\Utils\GeometryUtilities.h(29,19): warning C4244: '=': conversion from 'double' to 'T', possible loss of data
          with
          [
              T=float
          ]
C:\Dev\MengerSponge\src\Utils\GeometryUtilities.h(30,11): warning C4244: '=': conversion from 'double' to 'T', possible loss of data
          with
          [
              T=float
          ]
C:\Dev\MengerSponge\src\Scenes\InstancedGeometry.cpp(19,39): warning C4244: 'argument': conversion from 'uint32_t' to 'float', possible loss of data
C:\Dev\MengerSponge\src\Scenes\InstancedGeometry.cpp(79,40): warning C4244: 'argument': conversion from 'uint32_t' to 'float', possible loss of data
  GPUAnimatedGeometry.cpp
C:\Dev\MengerSponge\src\Utils\Math.h(20,21): warning C4244: 'return': conversion from 'double' to 'float', possible loss of data
C:\Dev\MengerSponge\src\Utils\GeometryUtilities.h(28,19): warning C4244: '=': conversion from 'double' to 'T', possible loss of data
          with
          [
              T=float
          ]
C:\Dev\MengerSponge\src\Utils\GeometryUtilities.h(29,19): warning C4244: '=': conversion from 'double' to 'T', possible loss of data
          with
          [
              T=float
          ]
C:\Dev\MengerSponge\src\Utils\GeometryUtilities.h(30,11): warning C4244: '=': conversion from 'double' to 'T', possible loss of data
          with
          [
              T=float
          ]
C:\Dev\MengerSponge\src\Scenes\GPUAnimatedGeometry.cpp(19,39): warning C4244: 'argument': conversion from 'uint32_t' to 'float', possible loss of data
C:\Dev\MengerSponge\src\Scenes\GPUAnimatedGeometry.cpp(52,40): warning C4244: 'argument': conversion from 'uint32_t' to 'float', possible loss of data
C:\Dev\MengerSponge\src\Scenes\GPUAnimatedGeometry.cpp(92,69): warning C4244: 'argument': conversion from 'Uint32' to 'const float', possible loss of data
  Mesh.cpp
C:\Dev\MengerSponge\src\Core\Components\Mesh.cpp(57,73): warning C4267: 'argument': conversion from 'size_t' to 'GLsizei', possible loss of data
C:\Dev\MengerSponge\src\Core\Components\Mesh.cpp(161,89): warning C4267: 'argument': conversion from 'size_t' to 'GLsizei', possible loss of data
C:\Dev\MengerSponge\src\Core\Components\Mesh.cpp(197,28): warning C4267: 'return': conversion from 'size_t' to 'int', possible loss of data
  ModernScene.cpp
C:\Dev\MengerSponge\src\Utils\Math.h(20,21): warning C4244: 'return': conversion from 'double' to 'float', possible loss of data
C:\Dev\MengerSponge\src\Utils\GeometryUtilities.h(28,19): warning C4244: '=': conversion from 'double' to 'T', possible loss of data
          with
          [
              T=float
          ]
C:\Dev\MengerSponge\src\Utils\GeometryUtilities.h(29,19): warning C4244: '=': conversion from 'double' to 'T', possible loss of data
          with
          [
              T=float
          ]
C:\Dev\MengerSponge\src\Utils\GeometryUtilities.h(30,11): warning C4244: '=': conversion from 'double' to 'T', possible loss of data
          with
          [
              T=float
          ]
C:\Dev\MengerSponge\src\Scenes\ModernScene.cpp(19,39): warning C4244: 'argument': conversion from 'uint32_t' to 'float', possible loss of data
C:\Dev\MengerSponge\src\Scenes\ModernScene.cpp(50,40): warning C4244: 'argument': conversion from 'uint32_t' to 'float', possible loss of data
  Scene.cpp
C:\Dev\MengerSponge\src\Utils\Math.h(20,21): warning C4244: 'return': conversion from 'double' to 'float', possible loss of data
C:\Dev\MengerSponge\src\Utils\GeometryUtilities.h(28,19): warning C4244: '=': conversion from 'double' to 'T', possible loss of data
          with
          [
              T=float
          ]
C:\Dev\MengerSponge\src\Utils\GeometryUtilities.h(29,19): warning C4244: '=': conversion from 'double' to 'T', possible loss of data
          with
          [
              T=float
          ]
C:\Dev\MengerSponge\src\Utils\GeometryUtilities.h(30,11): warning C4244: '=': conversion from 'double' to 'T', possible loss of data
          with
          [
              T=float
          ]
C:\Dev\MengerSponge\src\Scenes\Scene.cpp(10,32): warning C4244: 'argument': conversion from 'uint32_t' to 'float', possible loss of data
C:\Dev\MengerSponge\src\Scenes\Scene.cpp(11,31): warning C4267: '=': conversion from 'size_t' to 'int', possible loss of data
C:\Dev\MengerSponge\src\Scenes\Scene.cpp(93,31): warning C4267: '=': conversion from 'size_t' to 'int', possible loss of data
C:\Dev\MengerSponge\src\Scenes\Scene.cpp(250,58): warning C4267: 'initializing': conversion from 'size_t' to 'unsigned long', possible loss of data
  Overlay.cpp
C:\Dev\MengerSponge\include\gltext\gltext.h(300,29): warning C4267: '=': conversion from 'size_t' to 'int', possible loss of data
C:\Dev\MengerSponge\src\Core\Overlay.cpp(18,36): warning C4305: 'argument': truncation from 'double' to 'GLfloat'
C:\Dev\MengerSponge\src\Core\Overlay.cpp(94,19): warning C4244: 'initializing': conversion from 'T' to 'int', possible loss of data
          with
          [
              T=float
          ]
C:\Dev\MengerSponge\src\Core\Overlay.cpp(95,19): warning C4244: 'initializing': conversion from 'T' to 'int', possible loss of data
          with
          [
              T=float
          ]
C:\Dev\MengerSponge\src\Core\Overlay.cpp(170,32): warning C4305: 'argument': truncation from 'double' to 'GLfloat'
C:\Dev\MengerSponge\src\Core\Overlay.cpp(178,50): warning C4244: 'argument': conversion from 'int' to 'GLfloat', possible loss of data
  FixedFunctionScene.cpp
C:\Dev\MengerSponge\src\Utils\Math.h(20,21): warning C4244: 'return': conversion from 'double' to 'float', possible loss of data
C:\Dev\MengerSponge\src\Utils\GeometryUtilities.h(28,19): warning C4244: '=': conversion from 'double' to 'T', possible loss of data
          with
          [
              T=float
          ]
C:\Dev\MengerSponge\src\Utils\GeometryUtilities.h(29,19): warning C4244: '=': conversion from 'double' to 'T', possible loss of data
          with
          [
              T=float
          ]
C:\Dev\MengerSponge\src\Utils\GeometryUtilities.h(30,11): warning C4244: '=': conversion from 'double' to 'T', possible loss of data
          with
          [
              T=float
          ]
C:\Dev\MengerSponge\src\Scenes\FixedFunctionScene.cpp(13,42): warning C4244: 'argument': conversion from 'uint32_t' to 'float', possible loss of data
C:\Dev\MengerSponge\src\Scenes\FixedFunctionScene.cpp(59,46): warning C4244: 'argument': conversion from 'uint32_t' to 'float', possible loss of data
C:\Dev\MengerSponge\src\Scenes\FixedFunctionScene.cpp(96,61): warning C4305: 'initializing': truncation from 'double' to 'GLfloat'
  MengerSponge.cpp
C:\Dev\MengerSponge\src\Utils\Math.h(20,21): warning C4244: 'return': conversion from 'double' to 'float', possible loss of data
C:\Dev\MengerSponge\src\Utils\GeometryUtilities.h(28,19): warning C4244: '=': conversion from 'double' to 'T', possible loss of data
          with
          [
              T=float
          ]
C:\Dev\MengerSponge\src\Utils\GeometryUtilities.h(29,19): warning C4244: '=': conversion from 'double' to 'T', possible loss of data
          with
          [
              T=float
          ]
C:\Dev\MengerSponge\src\Utils\GeometryUtilities.h(30,11): warning C4244: '=': conversion from 'double' to 'T', possible loss of data
          with
          [
              T=float
          ]
C:\Dev\MengerSponge\include\gltext\gltext.h(300,29): warning C4267: '=': conversion from 'size_t' to 'int', possible loss of data
  Input.cpp
C:\Dev\MengerSponge\Src\Core\Input.cpp(201,15): warning C4244: '=': conversion from 'Sint32' to 'float', possible loss of data
C:\Dev\MengerSponge\Src\Core\Input.cpp(202,25): warning C4244: '=': conversion from 'Sint32' to 'float', possible loss of data
  EventManager.cpp
  main.cpp
C:\Dev\MengerSponge\Src\Utils\Math.h(20,21): warning C4244: 'return': conversion from 'double' to 'float', possible loss of data
C:\Dev\MengerSponge\Src\Utils\GeometryUtilities.h(28,19): warning C4244: '=': conversion from 'double' to 'T', possible loss of data
          with
          [
              T=float
          ]
C:\Dev\MengerSponge\Src\Utils\GeometryUtilities.h(29,19): warning C4244: '=': conversion from 'double' to 'T', possible loss of data
          with
          [
              T=float
          ]
C:\Dev\MengerSponge\Src\Utils\GeometryUtilities.h(30,11): warning C4244: '=': conversion from 'double' to 'T', possible loss of data
          with
          [
              T=float
          ]
C:\Dev\MengerSponge\include\gltext\gltext.h(300,29): warning C4267: '=': conversion from 'size_t' to 'int', possible loss of data
  Window.cpp
C:\Dev\MengerSponge\Src\Core\Window.cpp(52,84): warning C4244: 'argument': conversion from 'float' to 'int', possible loss of data
C:\Dev\MengerSponge\Src\Core\Window.cpp(52,50): warning C4244: 'argument': conversion from 'float' to 'int', possible loss of data
  Generating Code...
C:\Dev\MengerSponge\src\Core\Components\Mesh.cpp(25): warning C4715: 'Mesh::SelectMaterial': not all control paths return a value
  glad.c
  RTRApp.vcxproj -> C:\Dev\MengerSponge\build\Debug - x64\A1.exe
  0 File(s) copied
